2025-05-30 00:04:41,571 - semgrep.notifications - WARNING - METRICS: Using configs from the Registry (like --config=p/ci) reports pseudonymous rule metrics to semgrep.dev.
To disable Registry rule metrics, use "--metrics=off".
Using configs only from local files (like --config=xyz.yml) does not enable metrics.

More information: https://semgrep.dev/docs/metrics

2025-05-30 00:04:41,572 - semgrep.run_scan - DEBUG - semgrep version 1.2.0
2025-05-30 00:04:41,581 - semgrep.config_resolver - DEBUG - Loading local config from /home/runner/workspace/.config/.semgrep/semgrep_rules.json
2025-05-30 00:04:41,584 - semgrep.config_resolver - DEBUG - Done loading local config from /home/runner/workspace/.config/.semgrep/semgrep_rules.json
2025-05-30 00:04:41,587 - semgrep.config_resolver - DEBUG - Saving rules to /tmp/semgrep-4zccx_ky.rules
2025-05-30 00:04:41,764 - semgrep.semgrep_core - DEBUG - Failed to open resource semgrep-core-proprietary: [Errno 2] No such file or directory: '/tmp/_MEIWbCK46/semgrep/bin/semgrep-core-proprietary'.
2025-05-30 00:04:42,264 - semgrep.rule_lang - DEBUG - semgrep-core validation response: valid=True
2025-05-30 00:04:42,265 - semgrep.rule_lang - DEBUG - semgrep-core validation succeeded
2025-05-30 00:04:42,265 - semgrep.rule_lang - DEBUG - RPC validation succeeded
2025-05-30 00:04:42,265 - semgrep.config_resolver - DEBUG - loaded 1 configs in 0.6842935085296631
2025-05-30 00:04:42,347 - semgrep.run_scan - VERBOSE - running 711 rules from 1 config /home/runner/workspace/.config/.semgrep/semgrep_rules.json_0
2025-05-30 00:04:42,348 - semgrep.run_scan - VERBOSE - No .semgrepignore found. Using default .semgrepignore rules. See the docs for the list of default ignores: https://semgrep.dev/docs/cli-usage/#ignore-files
2025-05-30 00:04:42,350 - semgrep.run_scan - VERBOSE - Rules:
2025-05-30 00:04:42,350 - semgrep.run_scan - VERBOSE - <SKIPPED DATA (too many entries; use --max-log-list-entries)>
2025-05-30 00:04:42,607 - semgrep.ignores - VERBOSE - Ignoring _nh/mail/Mail/Net/tests/auth.phpt due to .semgrepignore
2025-05-30 00:04:42,607 - semgrep.ignores - VERBOSE - Ignoring _nh/mail/Mail/Net/tests/basic.phpt due to .semgrepignore
2025-05-30 00:04:42,607 - semgrep.ignores - VERBOSE - Ignoring _nh/mail/Mail/Net/tests/config.php.dist due to .semgrepignore
2025-05-30 00:04:42,607 - semgrep.ignores - VERBOSE - Ignoring _nh/mail/Mail/Net/tests/quotedata.phpt due to .semgrepignore
2025-05-30 00:04:42,608 - semgrep.ignores - VERBOSE - Ignoring _nh/mail/tests/9137.phpt due to .semgrepignore
2025-05-30 00:04:42,608 - semgrep.ignores - VERBOSE - Ignoring _nh/mail/tests/9137_2.phpt due to .semgrepignore
2025-05-30 00:04:42,608 - semgrep.ignores - VERBOSE - Ignoring _nh/mail/tests/rfc822.phpt due to .semgrepignore
2025-05-30 00:04:42,608 - semgrep.ignores - VERBOSE - Ignoring _nh/mail/tests/smtp_error.phpt due to .semgrepignore
2025-05-30 00:04:42,608 - semgrep.ignores - VERBOSE - Ignoring _nh/mail/tests/validateQuotedString.php due to .semgrepignore
2025-05-30 00:04:42,871 - semgrep.ignores - VERBOSE - Ignoring _nh/mail/Mail/Net/tests/auth.phpt due to .semgrepignore
2025-05-30 00:04:42,871 - semgrep.ignores - VERBOSE - Ignoring _nh/mail/Mail/Net/tests/basic.phpt due to .semgrepignore
2025-05-30 00:04:42,871 - semgrep.ignores - VERBOSE - Ignoring _nh/mail/Mail/Net/tests/config.php.dist due to .semgrepignore
2025-05-30 00:04:42,871 - semgrep.ignores - VERBOSE - Ignoring _nh/mail/Mail/Net/tests/quotedata.phpt due to .semgrepignore
2025-05-30 00:04:42,871 - semgrep.ignores - VERBOSE - Ignoring _nh/mail/tests/9137.phpt due to .semgrepignore
2025-05-30 00:04:42,871 - semgrep.ignores - VERBOSE - Ignoring _nh/mail/tests/9137_2.phpt due to .semgrepignore
2025-05-30 00:04:42,871 - semgrep.ignores - VERBOSE - Ignoring _nh/mail/tests/rfc822.phpt due to .semgrepignore
2025-05-30 00:04:42,871 - semgrep.ignores - VERBOSE - Ignoring _nh/mail/tests/smtp_error.phpt due to .semgrepignore
2025-05-30 00:04:42,871 - semgrep.ignores - VERBOSE - Ignoring _nh/mail/tests/validateQuotedString.php due to .semgrepignore
2025-05-30 00:04:42,959 - semgrep.ignores - VERBOSE - Ignoring _nh/mail/Mail/Net/tests/auth.phpt due to .semgrepignore
2025-05-30 00:04:42,959 - semgrep.ignores - VERBOSE - Ignoring _nh/mail/Mail/Net/tests/basic.phpt due to .semgrepignore
2025-05-30 00:04:42,959 - semgrep.ignores - VERBOSE - Ignoring _nh/mail/Mail/Net/tests/config.php.dist due to .semgrepignore
2025-05-30 00:04:42,959 - semgrep.ignores - VERBOSE - Ignoring _nh/mail/Mail/Net/tests/quotedata.phpt due to .semgrepignore
2025-05-30 00:04:42,959 - semgrep.ignores - VERBOSE - Ignoring _nh/mail/tests/9137.phpt due to .semgrepignore
2025-05-30 00:04:42,959 - semgrep.ignores - VERBOSE - Ignoring _nh/mail/tests/9137_2.phpt due to .semgrepignore
2025-05-30 00:04:42,959 - semgrep.ignores - VERBOSE - Ignoring _nh/mail/tests/rfc822.phpt due to .semgrepignore
2025-05-30 00:04:42,959 - semgrep.ignores - VERBOSE - Ignoring _nh/mail/tests/smtp_error.phpt due to .semgrepignore
2025-05-30 00:04:42,959 - semgrep.ignores - VERBOSE - Ignoring _nh/mail/tests/validateQuotedString.php due to .semgrepignore
2025-05-30 00:04:44,251 - semgrep.ignores - VERBOSE - Ignoring _nh/mail/tests/validateQuotedString.php due to .semgrepignore
2025-05-30 00:04:46,897 - semgrep.core_runner - DEBUG - Passing whole rules directly to semgrep_core
2025-05-30 00:04:48,161 - semgrep.core_runner - DEBUG - Running Semgrep engine with command:
2025-05-30 00:04:48,162 - semgrep.core_runner - DEBUG - /tmp/_MEIWbCK46/semgrep/bin/opengrep-core -json -rules /tmp/tmpikao90s7.json -j 8 -targets /tmp/tmpwtpjon0h -timeout 5 -timeout_threshold 3 -max_memory 0 -fast
